<?xml version="1.0" encoding="UTF-8"?>
<testsuite xmlns:xsi="http://www.w3.org/2001/XMLSchema-instance" xsi:noNamespaceSchemaLocation="https://maven.apache.org/surefire/maven-surefire-plugin/xsd/surefire-test-report.xsd" name="com.meli.obterdiploma.ObterDiplomaApplicationTests" time="0.281" tests="1" errors="0" skipped="0" failures="0">
  <properties>
    <property name="gopherProxySet" value="false"/>
    <property name="awt.toolkit" value="sun.lwawt.macosx.LWCToolkit"/>
    <property name="java.specification.version" value="11"/>
    <property name="sun.cpu.isalist" value=""/>
    <property name="sun.jnu.encoding" value="UTF-8"/>
    <property name="java.class.path" value="/Users/lecastro/Documents/IT BOOTCAMP/Back-end JAVA/bootcamp-backend-praticas/ObterDiploma/target/test-classes:/Users/lecastro/Documents/IT BOOTCAMP/Back-end JAVA/bootcamp-backend-praticas/ObterDiploma/target/classes:/Users/lecastro/.m2/repository/org/springframework/boot/spring-boot-starter-web/2.4.5/spring-boot-starter-web-2.4.5.jar:/Users/lecastro/.m2/repository/org/springframework/boot/spring-boot-starter/2.4.5/spring-boot-starter-2.4.5.jar:/Users/lecastro/.m2/repository/org/springframework/boot/spring-boot-starter-logging/2.4.5/spring-boot-starter-logging-2.4.5.jar:/Users/lecastro/.m2/repository/ch/qos/logback/logback-classic/1.2.3/logback-classic-1.2.3.jar:/Users/lecastro/.m2/repository/ch/qos/logback/logback-core/1.2.3/logback-core-1.2.3.jar:/Users/lecastro/.m2/repository/org/apache/logging/log4j/log4j-to-slf4j/2.13.3/log4j-to-slf4j-2.13.3.jar:/Users/lecastro/.m2/repository/org/apache/logging/log4j/log4j-api/2.13.3/log4j-api-2.13.3.jar:/Users/lecastro/.m2/repository/org/slf4j/jul-to-slf4j/1.7.30/jul-to-slf4j-1.7.30.jar:/Users/lecastro/.m2/repository/jakarta/annotation/jakarta.annotation-api/1.3.5/jakarta.annotation-api-1.3.5.jar:/Users/lecastro/.m2/repository/org/yaml/snakeyaml/1.27/snakeyaml-1.27.jar:/Users/lecastro/.m2/repository/org/springframework/boot/spring-boot-starter-json/2.4.5/spring-boot-starter-json-2.4.5.jar:/Users/lecastro/.m2/repository/com/fasterxml/jackson/core/jackson-databind/2.11.4/jackson-databind-2.11.4.jar:/Users/lecastro/.m2/repository/com/fasterxml/jackson/core/jackson-annotations/2.11.4/jackson-annotations-2.11.4.jar:/Users/lecastro/.m2/repository/com/fasterxml/jackson/core/jackson-core/2.11.4/jackson-core-2.11.4.jar:/Users/lecastro/.m2/repository/com/fasterxml/jackson/datatype/jackson-datatype-jdk8/2.11.4/jackson-datatype-jdk8-2.11.4.jar:/Users/lecastro/.m2/repository/com/fasterxml/jackson/datatype/jackson-datatype-jsr310/2.11.4/jackson-datatype-jsr310-2.11.4.jar:/Users/lecastro/.m2/repository/com/fasterxml/jackson/module/jackson-module-parameter-names/2.11.4/jackson-module-parameter-names-2.11.4.jar:/Users/lecastro/.m2/repository/org/springframework/boot/spring-boot-starter-tomcat/2.4.5/spring-boot-starter-tomcat-2.4.5.jar:/Users/lecastro/.m2/repository/org/apache/tomcat/embed/tomcat-embed-core/9.0.45/tomcat-embed-core-9.0.45.jar:/Users/lecastro/.m2/repository/org/glassfish/jakarta.el/3.0.3/jakarta.el-3.0.3.jar:/Users/lecastro/.m2/repository/org/apache/tomcat/embed/tomcat-embed-websocket/9.0.45/tomcat-embed-websocket-9.0.45.jar:/Users/lecastro/.m2/repository/org/springframework/spring-web/5.3.6/spring-web-5.3.6.jar:/Users/lecastro/.m2/repository/org/springframework/spring-beans/5.3.6/spring-beans-5.3.6.jar:/Users/lecastro/.m2/repository/org/springframework/spring-webmvc/5.3.6/spring-webmvc-5.3.6.jar:/Users/lecastro/.m2/repository/org/springframework/spring-aop/5.3.6/spring-aop-5.3.6.jar:/Users/lecastro/.m2/repository/org/springframework/spring-context/5.3.6/spring-context-5.3.6.jar:/Users/lecastro/.m2/repository/org/springframework/spring-expression/5.3.6/spring-expression-5.3.6.jar:/Users/lecastro/.m2/repository/org/springframework/boot/spring-boot-devtools/2.4.5/spring-boot-devtools-2.4.5.jar:/Users/lecastro/.m2/repository/org/springframework/boot/spring-boot/2.4.5/spring-boot-2.4.5.jar:/Users/lecastro/.m2/repository/org/springframework/boot/spring-boot-autoconfigure/2.4.5/spring-boot-autoconfigure-2.4.5.jar:/Users/lecastro/.m2/repository/org/springframework/boot/spring-boot-starter-test/2.4.5/spring-boot-starter-test-2.4.5.jar:/Users/lecastro/.m2/repository/org/springframework/boot/spring-boot-test/2.4.5/spring-boot-test-2.4.5.jar:/Users/lecastro/.m2/repository/org/springframework/boot/spring-boot-test-autoconfigure/2.4.5/spring-boot-test-autoconfigure-2.4.5.jar:/Users/lecastro/.m2/repository/com/jayway/jsonpath/json-path/2.4.0/json-path-2.4.0.jar:/Users/lecastro/.m2/repository/net/minidev/json-smart/2.3/json-smart-2.3.jar:/Users/lecastro/.m2/repository/net/minidev/accessors-smart/1.2/accessors-smart-1.2.jar:/Users/lecastro/.m2/repository/org/ow2/asm/asm/5.0.4/asm-5.0.4.jar:/Users/lecastro/.m2/repository/org/slf4j/slf4j-api/1.7.30/slf4j-api-1.7.30.jar:/Users/lecastro/.m2/repository/jakarta/xml/bind/jakarta.xml.bind-api/2.3.3/jakarta.xml.bind-api-2.3.3.jar:/Users/lecastro/.m2/repository/jakarta/activation/jakarta.activation-api/1.2.2/jakarta.activation-api-1.2.2.jar:/Users/lecastro/.m2/repository/org/assertj/assertj-core/3.18.1/assertj-core-3.18.1.jar:/Users/lecastro/.m2/repository/org/hamcrest/hamcrest/2.2/hamcrest-2.2.jar:/Users/lecastro/.m2/repository/org/junit/jupiter/junit-jupiter/5.7.1/junit-jupiter-5.7.1.jar:/Users/lecastro/.m2/repository/org/junit/jupiter/junit-jupiter-api/5.7.1/junit-jupiter-api-5.7.1.jar:/Users/lecastro/.m2/repository/org/apiguardian/apiguardian-api/1.1.0/apiguardian-api-1.1.0.jar:/Users/lecastro/.m2/repository/org/opentest4j/opentest4j/1.2.0/opentest4j-1.2.0.jar:/Users/lecastro/.m2/repository/org/junit/platform/junit-platform-commons/1.7.1/junit-platform-commons-1.7.1.jar:/Users/lecastro/.m2/repository/org/junit/jupiter/junit-jupiter-params/5.7.1/junit-jupiter-params-5.7.1.jar:/Users/lecastro/.m2/repository/org/junit/jupiter/junit-jupiter-engine/5.7.1/junit-jupiter-engine-5.7.1.jar:/Users/lecastro/.m2/repository/org/junit/platform/junit-platform-engine/1.7.1/junit-platform-engine-1.7.1.jar:/Users/lecastro/.m2/repository/org/mockito/mockito-core/3.6.28/mockito-core-3.6.28.jar:/Users/lecastro/.m2/repository/net/bytebuddy/byte-buddy/1.10.22/byte-buddy-1.10.22.jar:/Users/lecastro/.m2/repository/net/bytebuddy/byte-buddy-agent/1.10.22/byte-buddy-agent-1.10.22.jar:/Users/lecastro/.m2/repository/org/objenesis/objenesis/3.1/objenesis-3.1.jar:/Users/lecastro/.m2/repository/org/mockito/mockito-junit-jupiter/3.6.28/mockito-junit-jupiter-3.6.28.jar:/Users/lecastro/.m2/repository/org/skyscreamer/jsonassert/1.5.0/jsonassert-1.5.0.jar:/Users/lecastro/.m2/repository/com/vaadin/external/google/android-json/0.0.20131108.vaadin1/android-json-0.0.20131108.vaadin1.jar:/Users/lecastro/.m2/repository/org/springframework/spring-core/5.3.6/spring-core-5.3.6.jar:/Users/lecastro/.m2/repository/org/springframework/spring-jcl/5.3.6/spring-jcl-5.3.6.jar:/Users/lecastro/.m2/repository/org/springframework/spring-test/5.3.6/spring-test-5.3.6.jar:/Users/lecastro/.m2/repository/org/xmlunit/xmlunit-core/2.7.0/xmlunit-core-2.7.0.jar:/Users/lecastro/.m2/repository/org/projectlombok/lombok/1.18.18/lombok-1.18.18.jar:/Users/lecastro/.m2/repository/org/apache/httpcomponents/httpclient/4.5.13/httpclient-4.5.13.jar:/Users/lecastro/.m2/repository/org/apache/httpcomponents/httpcore/4.4.14/httpcore-4.4.14.jar:/Users/lecastro/.m2/repository/commons-codec/commons-codec/1.15/commons-codec-1.15.jar:"/>
    <property name="java.vm.vendor" value="AdoptOpenJDK"/>
    <property name="sun.arch.data.model" value="64"/>
    <property name="java.vendor.url" value="https://adoptopenjdk.net/"/>
    <property name="user.timezone" value=""/>
    <property name="java.vm.specification.version" value="11"/>
    <property name="os.name" value="Mac OS X"/>
    <property name="sun.java.launcher" value="SUN_STANDARD"/>
    <property name="user.country" value="BR"/>
    <property name="sun.boot.library.path" value="/Library/Java/JavaVirtualMachines/adoptopenjdk-11.jdk/Contents/Home/lib"/>
    <property name="sun.java.command" value="/Users/lecastro/Documents/IT BOOTCAMP/Back-end JAVA/bootcamp-backend-praticas/ObterDiploma/target/surefire/surefirebooter1115178319290239672.jar /Users/lecastro/Documents/IT BOOTCAMP/Back-end JAVA/bootcamp-backend-praticas/ObterDiploma/target/surefire 2022-07-11T17-34-44_506-jvmRun1 surefire8385906170527739009tmp surefire_01203118644968505462tmp"/>
    <property name="http.nonProxyHosts" value="local|*.local|169.254/16|*.169.254/16"/>
    <property name="jdk.debug" value="release"/>
    <property name="surefire.test.class.path" value="/Users/lecastro/Documents/IT BOOTCAMP/Back-end JAVA/bootcamp-backend-praticas/ObterDiploma/target/test-classes:/Users/lecastro/Documents/IT BOOTCAMP/Back-end JAVA/bootcamp-backend-praticas/ObterDiploma/target/classes:/Users/lecastro/.m2/repository/org/springframework/boot/spring-boot-starter-web/2.4.5/spring-boot-starter-web-2.4.5.jar:/Users/lecastro/.m2/repository/org/springframework/boot/spring-boot-starter/2.4.5/spring-boot-starter-2.4.5.jar:/Users/lecastro/.m2/repository/org/springframework/boot/spring-boot-starter-logging/2.4.5/spring-boot-starter-logging-2.4.5.jar:/Users/lecastro/.m2/repository/ch/qos/logback/logback-classic/1.2.3/logback-classic-1.2.3.jar:/Users/lecastro/.m2/repository/ch/qos/logback/logback-core/1.2.3/logback-core-1.2.3.jar:/Users/lecastro/.m2/repository/org/apache/logging/log4j/log4j-to-slf4j/2.13.3/log4j-to-slf4j-2.13.3.jar:/Users/lecastro/.m2/repository/org/apache/logging/log4j/log4j-api/2.13.3/log4j-api-2.13.3.jar:/Users/lecastro/.m2/repository/org/slf4j/jul-to-slf4j/1.7.30/jul-to-slf4j-1.7.30.jar:/Users/lecastro/.m2/repository/jakarta/annotation/jakarta.annotation-api/1.3.5/jakarta.annotation-api-1.3.5.jar:/Users/lecastro/.m2/repository/org/yaml/snakeyaml/1.27/snakeyaml-1.27.jar:/Users/lecastro/.m2/repository/org/springframework/boot/spring-boot-starter-json/2.4.5/spring-boot-starter-json-2.4.5.jar:/Users/lecastro/.m2/repository/com/fasterxml/jackson/core/jackson-databind/2.11.4/jackson-databind-2.11.4.jar:/Users/lecastro/.m2/repository/com/fasterxml/jackson/core/jackson-annotations/2.11.4/jackson-annotations-2.11.4.jar:/Users/lecastro/.m2/repository/com/fasterxml/jackson/core/jackson-core/2.11.4/jackson-core-2.11.4.jar:/Users/lecastro/.m2/repository/com/fasterxml/jackson/datatype/jackson-datatype-jdk8/2.11.4/jackson-datatype-jdk8-2.11.4.jar:/Users/lecastro/.m2/repository/com/fasterxml/jackson/datatype/jackson-datatype-jsr310/2.11.4/jackson-datatype-jsr310-2.11.4.jar:/Users/lecastro/.m2/repository/com/fasterxml/jackson/module/jackson-module-parameter-names/2.11.4/jackson-module-parameter-names-2.11.4.jar:/Users/lecastro/.m2/repository/org/springframework/boot/spring-boot-starter-tomcat/2.4.5/spring-boot-starter-tomcat-2.4.5.jar:/Users/lecastro/.m2/repository/org/apache/tomcat/embed/tomcat-embed-core/9.0.45/tomcat-embed-core-9.0.45.jar:/Users/lecastro/.m2/repository/org/glassfish/jakarta.el/3.0.3/jakarta.el-3.0.3.jar:/Users/lecastro/.m2/repository/org/apache/tomcat/embed/tomcat-embed-websocket/9.0.45/tomcat-embed-websocket-9.0.45.jar:/Users/lecastro/.m2/repository/org/springframework/spring-web/5.3.6/spring-web-5.3.6.jar:/Users/lecastro/.m2/repository/org/springframework/spring-beans/5.3.6/spring-beans-5.3.6.jar:/Users/lecastro/.m2/repository/org/springframework/spring-webmvc/5.3.6/spring-webmvc-5.3.6.jar:/Users/lecastro/.m2/repository/org/springframework/spring-aop/5.3.6/spring-aop-5.3.6.jar:/Users/lecastro/.m2/repository/org/springframework/spring-context/5.3.6/spring-context-5.3.6.jar:/Users/lecastro/.m2/repository/org/springframework/spring-expression/5.3.6/spring-expression-5.3.6.jar:/Users/lecastro/.m2/repository/org/springframework/boot/spring-boot-devtools/2.4.5/spring-boot-devtools-2.4.5.jar:/Users/lecastro/.m2/repository/org/springframework/boot/spring-boot/2.4.5/spring-boot-2.4.5.jar:/Users/lecastro/.m2/repository/org/springframework/boot/spring-boot-autoconfigure/2.4.5/spring-boot-autoconfigure-2.4.5.jar:/Users/lecastro/.m2/repository/org/springframework/boot/spring-boot-starter-test/2.4.5/spring-boot-starter-test-2.4.5.jar:/Users/lecastro/.m2/repository/org/springframework/boot/spring-boot-test/2.4.5/spring-boot-test-2.4.5.jar:/Users/lecastro/.m2/repository/org/springframework/boot/spring-boot-test-autoconfigure/2.4.5/spring-boot-test-autoconfigure-2.4.5.jar:/Users/lecastro/.m2/repository/com/jayway/jsonpath/json-path/2.4.0/json-path-2.4.0.jar:/Users/lecastro/.m2/repository/net/minidev/json-smart/2.3/json-smart-2.3.jar:/Users/lecastro/.m2/repository/net/minidev/accessors-smart/1.2/accessors-smart-1.2.jar:/Users/lecastro/.m2/repository/org/ow2/asm/asm/5.0.4/asm-5.0.4.jar:/Users/lecastro/.m2/repository/org/slf4j/slf4j-api/1.7.30/slf4j-api-1.7.30.jar:/Users/lecastro/.m2/repository/jakarta/xml/bind/jakarta.xml.bind-api/2.3.3/jakarta.xml.bind-api-2.3.3.jar:/Users/lecastro/.m2/repository/jakarta/activation/jakarta.activation-api/1.2.2/jakarta.activation-api-1.2.2.jar:/Users/lecastro/.m2/repository/org/assertj/assertj-core/3.18.1/assertj-core-3.18.1.jar:/Users/lecastro/.m2/repository/org/hamcrest/hamcrest/2.2/hamcrest-2.2.jar:/Users/lecastro/.m2/repository/org/junit/jupiter/junit-jupiter/5.7.1/junit-jupiter-5.7.1.jar:/Users/lecastro/.m2/repository/org/junit/jupiter/junit-jupiter-api/5.7.1/junit-jupiter-api-5.7.1.jar:/Users/lecastro/.m2/repository/org/apiguardian/apiguardian-api/1.1.0/apiguardian-api-1.1.0.jar:/Users/lecastro/.m2/repository/org/opentest4j/opentest4j/1.2.0/opentest4j-1.2.0.jar:/Users/lecastro/.m2/repository/org/junit/platform/junit-platform-commons/1.7.1/junit-platform-commons-1.7.1.jar:/Users/lecastro/.m2/repository/org/junit/jupiter/junit-jupiter-params/5.7.1/junit-jupiter-params-5.7.1.jar:/Users/lecastro/.m2/repository/org/junit/jupiter/junit-jupiter-engine/5.7.1/junit-jupiter-engine-5.7.1.jar:/Users/lecastro/.m2/repository/org/junit/platform/junit-platform-engine/1.7.1/junit-platform-engine-1.7.1.jar:/Users/lecastro/.m2/repository/org/mockito/mockito-core/3.6.28/mockito-core-3.6.28.jar:/Users/lecastro/.m2/repository/net/bytebuddy/byte-buddy/1.10.22/byte-buddy-1.10.22.jar:/Users/lecastro/.m2/repository/net/bytebuddy/byte-buddy-agent/1.10.22/byte-buddy-agent-1.10.22.jar:/Users/lecastro/.m2/repository/org/objenesis/objenesis/3.1/objenesis-3.1.jar:/Users/lecastro/.m2/repository/org/mockito/mockito-junit-jupiter/3.6.28/mockito-junit-jupiter-3.6.28.jar:/Users/lecastro/.m2/repository/org/skyscreamer/jsonassert/1.5.0/jsonassert-1.5.0.jar:/Users/lecastro/.m2/repository/com/vaadin/external/google/android-json/0.0.20131108.vaadin1/android-json-0.0.20131108.vaadin1.jar:/Users/lecastro/.m2/repository/org/springframework/spring-core/5.3.6/spring-core-5.3.6.jar:/Users/lecastro/.m2/repository/org/springframework/spring-jcl/5.3.6/spring-jcl-5.3.6.jar:/Users/lecastro/.m2/repository/org/springframework/spring-test/5.3.6/spring-test-5.3.6.jar:/Users/lecastro/.m2/repository/org/xmlunit/xmlunit-core/2.7.0/xmlunit-core-2.7.0.jar:/Users/lecastro/.m2/repository/org/projectlombok/lombok/1.18.18/lombok-1.18.18.jar:/Users/lecastro/.m2/repository/org/apache/httpcomponents/httpclient/4.5.13/httpclient-4.5.13.jar:/Users/lecastro/.m2/repository/org/apache/httpcomponents/httpcore/4.4.14/httpcore-4.4.14.jar:/Users/lecastro/.m2/repository/commons-codec/commons-codec/1.15/commons-codec-1.15.jar:"/>
    <property name="sun.cpu.endian" value="little"/>
    <property name="user.home" value="/Users/lecastro"/>
    <property name="user.language" value="pt"/>
    <property name="java.specification.vendor" value="Oracle Corporation"/>
    <property name="java.version.date" value="2021-04-20"/>
    <property name="java.home" value="/Library/Java/JavaVirtualMachines/adoptopenjdk-11.jdk/Contents/Home"/>
    <property name="file.separator" value="/"/>
    <property name="basedir" value="/Users/lecastro/Documents/IT BOOTCAMP/Back-end JAVA/bootcamp-backend-praticas/ObterDiploma"/>
    <property name="java.vm.compressedOopsMode" value="Zero based"/>
    <property name="line.separator" value="&#10;"/>
    <property name="java.specification.name" value="Java Platform API Specification"/>
    <property name="java.vm.specification.vendor" value="Oracle Corporation"/>
    <property name="java.awt.graphicsenv" value="sun.awt.CGraphicsEnvironment"/>
    <property name="surefire.real.class.path" value="/Users/lecastro/Documents/IT BOOTCAMP/Back-end JAVA/bootcamp-backend-praticas/ObterDiploma/target/surefire/surefirebooter1115178319290239672.jar"/>
    <property name="sun.management.compiler" value="HotSpot 64-Bit Tiered Compilers"/>
    <property name="ftp.nonProxyHosts" value="local|*.local|169.254/16|*.169.254/16"/>
    <property name="java.runtime.version" value="11.0.11+9"/>
    <property name="user.name" value="lecastro"/>
    <property name="path.separator" value=":"/>
    <property name="os.version" value="11.4"/>
    <property name="java.runtime.name" value="OpenJDK Runtime Environment"/>
    <property name="file.encoding" value="UTF-8"/>
    <property name="java.vm.name" value="OpenJDK 64-Bit Server VM"/>
    <property name="java.vendor.version" value="AdoptOpenJDK-11.0.11+9"/>
    <property name="localRepository" value="/Users/lecastro/.m2/repository"/>
    <property name="java.vendor.url.bug" value="https://github.com/AdoptOpenJDK/openjdk-support/issues"/>
    <property name="java.io.tmpdir" value="/var/folders/kx/_mnrrq1x0m7_1szp1n9qy5lmbn_kq3/T/"/>
    <property name="idea.version" value="2020.3.2"/>
    <property name="java.version" value="11.0.11"/>
    <property name="user.dir" value="/Users/lecastro/Documents/IT BOOTCAMP/Back-end JAVA/bootcamp-backend-praticas/ObterDiploma"/>
    <property name="os.arch" value="x86_64"/>
    <property name="java.vm.specification.name" value="Java Virtual Machine Specification"/>
    <property name="java.awt.printerjob" value="sun.lwawt.macosx.CPrinterJob"/>
    <property name="sun.os.patch.level" value="unknown"/>
    <property name="java.library.path" value="/Users/lecastro/Library/Java/Extensions:/Library/Java/Extensions:/Network/Library/Java/Extensions:/System/Library/Java/Extensions:/usr/lib/java:."/>
    <property name="java.vm.info" value="mixed mode"/>
    <property name="java.vendor" value="AdoptOpenJDK"/>
    <property name="java.vm.version" value="11.0.11+9"/>
    <property name="sun.io.unicode.encoding" value="UnicodeBig"/>
    <property name="java.class.version" value="55.0"/>
    <property name="socksNonProxyHosts" value="local|*.local|169.254/16|*.169.254/16"/>
  </properties>
  <testcase name="contextLoads" classname="com.meli.obterdiploma.ObterDiplomaApplicationTests" time="0.003"/>
</testsuite>